1480457583508	geckodriver	INFO	Listening on 127.0.0.1:46981
1480457584508	mozprofile::profile	INFO	Using profile path /tmp/rust_mozprofile.KoZTumXbT2oJ
1480457584510	geckodriver::marionette	INFO	Starting browser /usr/bin/firefox
1480457584543	geckodriver::marionette	INFO	Connecting to Marionette on localhost:43247
Gtk-Message: Failed to load module "canberra-gtk-module"
JavaScript warning: https://normandy.cdn.mozilla.net/static/bundles/selfrepair-9e26e649d827af164113.a0bc6be53ed8.js, line 7: mutating the [[Prototype]] of an object will cause your code to run very slowly; instead create the object with the correct initial [[Prototype]] value using Object.create
1480457649721	addons.productaddons	ERROR	Request failed certificate checks: [Exception... "SSL is required and URI scheme is not https."  nsresult: "0x8000ffff (NS_ERROR_UNEXPECTED)"  location: "JS frame :: resource://gre/modules/CertUtils.jsm :: checkCert :: line 145"  data: no]
1480457888097	geckodriver	INFO	Listening on 127.0.0.1:52327
1480457889096	mozprofile::profile	INFO	Using profile path /tmp/rust_mozprofile.f6oqBFXLfpzi
1480457889098	geckodriver::marionette	INFO	Starting browser /usr/bin/firefox
1480457889100	geckodriver::marionette	INFO	Connecting to Marionette on localhost:41209
Gtk-Message: Failed to load module "canberra-gtk-module"
1480457952825	geckodriver	INFO	Listening on 127.0.0.1:45223
1480457953824	mozprofile::profile	INFO	Using profile path /tmp/rust_mozprofile.H8S2shI2fM9S
1480457953825	geckodriver::marionette	INFO	Starting browser /usr/bin/firefox
1480457953828	geckodriver::marionette	INFO	Connecting to Marionette on localhost:40787
Gtk-Message: Failed to load module "canberra-gtk-module"
JavaScript warning: https://normandy.cdn.mozilla.net/static/bundles/selfrepair-9e26e649d827af164113.a0bc6be53ed8.js, line 7: mutating the [[Prototype]] of an object will cause your code to run very slowly; instead create the object with the correct initial [[Prototype]] value using Object.create
1480458019255	addons.productaddons	ERROR	Request failed certificate checks: [Exception... "SSL is required and URI scheme is not https."  nsresult: "0x8000ffff (NS_ERROR_UNEXPECTED)"  location: "JS frame :: resource://gre/modules/CertUtils.jsm :: checkCert :: line 145"  data: no]
1480458128693	geckodriver	INFO	Listening on 127.0.0.1:58767
1480458129690	mozprofile::profile	INFO	Using profile path /tmp/rust_mozprofile.XfVKDrUJTNaL
1480458129692	geckodriver::marionette	INFO	Starting browser /usr/bin/firefox
1480458129694	geckodriver::marionette	INFO	Connecting to Marionette on localhost:32925
Gtk-Message: Failed to load module "canberra-gtk-module"
JavaScript warning: https://normandy.cdn.mozilla.net/static/bundles/selfrepair-9e26e649d827af164113.a0bc6be53ed8.js, line 7: mutating the [[Prototype]] of an object will cause your code to run very slowly; instead create the object with the correct initial [[Prototype]] value using Object.create
1480458194990	addons.productaddons	ERROR	Request failed certificate checks: [Exception... "SSL is required and URI scheme is not https."  nsresult: "0x8000ffff (NS_ERROR_UNEXPECTED)"  location: "JS frame :: resource://gre/modules/CertUtils.jsm :: checkCert :: line 145"  data: no]
1480458234492	geckodriver	INFO	Listening on 127.0.0.1:40131
1480458235492	mozprofile::profile	INFO	Using profile path /tmp/rust_mozprofile.fF5NjvUh9Iy0
1480458235493	geckodriver::marionette	INFO	Starting browser /usr/bin/firefox
1480458235496	geckodriver::marionette	INFO	Connecting to Marionette on localhost:46275
Gtk-Message: Failed to load module "canberra-gtk-module"
JavaScript warning: https://normandy.cdn.mozilla.net/static/bundles/selfrepair-9e26e649d827af164113.a0bc6be53ed8.js, line 7: mutating the [[Prototype]] of an object will cause your code to run very slowly; instead create the object with the correct initial [[Prototype]] value using Object.create
1480458298266	geckodriver	INFO	Listening on 127.0.0.1:36921
1480458299266	mozprofile::profile	INFO	Using profile path /tmp/rust_mozprofile.3dXPMQd1eakW
1480458299268	geckodriver::marionette	INFO	Starting browser /usr/bin/firefox
1480458299270	geckodriver::marionette	INFO	Connecting to Marionette on localhost:45217
Gtk-Message: Failed to load module "canberra-gtk-module"
1480458300731	addons.productaddons	ERROR	Request failed certificate checks: [Exception... "SSL is required and URI scheme is not https."  nsresult: "0x8000ffff (NS_ERROR_UNEXPECTED)"  location: "JS frame :: resource://gre/modules/CertUtils.jsm :: checkCert :: line 145"  data: no]
JavaScript warning: https://normandy.cdn.mozilla.net/static/bundles/selfrepair-9e26e649d827af164113.a0bc6be53ed8.js, line 7: mutating the [[Prototype]] of an object will cause your code to run very slowly; instead create the object with the correct initial [[Prototype]] value using Object.create
1480458349394	geckodriver	INFO	Listening on 127.0.0.1:35591
1480458350393	mozprofile::profile	INFO	Using profile path /tmp/rust_mozprofile.1cqLBmuCTNMN
1480458350395	geckodriver::marionette	INFO	Starting browser /usr/bin/firefox
1480458350399	geckodriver::marionette	INFO	Connecting to Marionette on localhost:43051
Gtk-Message: Failed to load module "canberra-gtk-module"
JavaScript warning: https://normandy.cdn.mozilla.net/static/bundles/selfrepair-9e26e649d827af164113.a0bc6be53ed8.js, line 7: mutating the [[Prototype]] of an object will cause your code to run very slowly; instead create the object with the correct initial [[Prototype]] value using Object.create
1480458421243	geckodriver	INFO	Listening on 127.0.0.1:43273
1480458422235	mozprofile::profile	INFO	Using profile path /tmp/rust_mozprofile.cqjgktIn8XjI
1480458422237	geckodriver::marionette	INFO	Starting browser /usr/bin/firefox
1480458422239	geckodriver::marionette	INFO	Connecting to Marionette on localhost:37491
Gtk-Message: Failed to load module "canberra-gtk-module"
JavaScript warning: https://normandy.cdn.mozilla.net/static/bundles/selfrepair-9e26e649d827af164113.a0bc6be53ed8.js, line 7: mutating the [[Prototype]] of an object will cause your code to run very slowly; instead create the object with the correct initial [[Prototype]] value using Object.create
1480458470723	geckodriver	INFO	Listening on 127.0.0.1:37267
1480458471722	mozprofile::profile	INFO	Using profile path /tmp/rust_mozprofile.nKq61lqRdwOj
1480458471724	geckodriver::marionette	INFO	Starting browser /usr/bin/firefox
1480458471727	geckodriver::marionette	INFO	Connecting to Marionette on localhost:41801
Gtk-Message: Failed to load module "canberra-gtk-module"
JavaScript warning: https://normandy.cdn.mozilla.net/static/bundles/selfrepair-9e26e649d827af164113.a0bc6be53ed8.js, line 7: mutating the [[Prototype]] of an object will cause your code to run very slowly; instead create the object with the correct initial [[Prototype]] value using Object.create
1480458487386	addons.productaddons	ERROR	Request failed certificate checks: [Exception... "SSL is required and URI scheme is not https."  nsresult: "0x8000ffff (NS_ERROR_UNEXPECTED)"  location: "JS frame :: resource://gre/modules/CertUtils.jsm :: checkCert :: line 145"  data: no]
1480458536812	addons.productaddons	ERROR	Request failed certificate checks: [Exception... "SSL is required and URI scheme is not https."  nsresult: "0x8000ffff (NS_ERROR_UNEXPECTED)"  location: "JS frame :: resource://gre/modules/CertUtils.jsm :: checkCert :: line 145"  data: no]
